<?xml version="1.0" encoding="UTF-8" ?>
<testsuite tests="12" failures="0" name="cucumberOptions.TestRunner" time="2.421" errors="0" skipped="0">
  <properties>
[...]
</properties>
  <testcase classname="| Brinjal |" name="Given User is on Greenkart landing page" time="0"/>
  <testcase classname="| Brinjal |" name="When search for the Brinjal item" time="0"/>
  <testcase classname="| Brinjal |" name="And adding items to the cart" time="0"/>
  <testcase classname="| Brinjal |" name="And performs proceed to checkout for purchase" time="0.005"/>
  <testcase classname="| Brinjal |" name="Then verify Brinjal is populated" time="0"/>
  <testcase classname="| Brinjal |" name="| Brinjal |" time="2.336"/>
  <testcase classname="| Beetroot |" name="Given User is on Greenkart landing page" time="0"/>
  <testcase classname="| Beetroot |" name="When search for the Beetroot item" time="0"/>
  <testcase classname="| Beetroot |" name="And adding items to the cart" time="0"/>
  <testcase classname="| Beetroot |" name="And performs proceed to checkout for purchase" time="0.001"/>
  <testcase classname="| Beetroot |" name="Then verify Beetroot is populated" time="0"/>
  <testcase classname="| Beetroot |" name="| Beetroot |" time="0.079"/>
</testsuite>